# JRE version: OpenJDK Runtime Environment Temurin-17.0.4+8 (17.0.4+8) (build 17.0.4+8)
# Java VM: OpenJDK 64-Bit Server VM Temurin-17.0.4+8 (17.0.4+8, mixed mode, tiered, compressed oops, compressed class ptrs, parallel gc, windows-amd64)
GC Precious Log:
 CPUs: 16 total, 16 available
 Memory: 32577M
 Large Page Support: Disabled
 NUMA Support: Disabled
 Compressed Oops: Enabled (32-bit)
 Alignments: Space 512K, Generation 512K, Heap 2M
 Heap Min Capacity: 100M
 Heap Initial Capacity: 100M
 Heap Max Capacity: 1G
 Pre-touch: Disabled
 Parallel Workers: 13
Heap:
 PSYoungGen      total 13824K, used 10174K [0x00000000eab00000, 0x00000000ebf00000, 0x0000000100000000)
  eden space 11776K, 71% used [0x00000000eab00000,0x00000000eb338e60,0x00000000eb680000)
  from space 2048K, 85% used [0x00000000ebd00000,0x00000000ebeb6ca0,0x00000000ebf00000)
  to   space 3584K, 0% used [0x00000000eb800000,0x00000000eb800000,0x00000000ebb80000)
 ParOldGen       total 118272K, used 71303K [0x00000000c0000000, 0x00000000c7380000, 0x00000000eab00000)
  object space 118272K, 60% used [0x00000000c0000000,0x00000000c45a1e00,0x00000000c7380000)
 Metaspace       used 62650K, committed 63552K, reserved 1105920K
  class space    used 6716K, committed 7168K, reserved 1048576K
GC Heap History (20 events):
Event: 9.188 GC heap before
{Heap before GC invocations=30 (full 4):
 PSYoungGen      total 21504K, used 21088K [0x00000000eab00000, 0x00000000ec180000, 0x0000000100000000)
  eden space 20480K, 100% used [0x00000000eab00000,0x00000000ebf00000,0x00000000ebf00000)
  from space 1024K, 59% used [0x00000000ec080000,0x00000000ec118000,0x00000000ec180000)
  to   space 1024K, 0% used [0x00000000ebf00000,0x00000000ebf00000,0x00000000ec000000)
 ParOldGen       total 68608K, used 65753K [0x00000000c0000000, 0x00000000c4300000, 0x00000000eab00000)
  object space 68608K, 95% used [0x00000000c0000000,0x00000000c4036420,0x00000000c4300000)
 Metaspace       used 60655K, committed 61504K, reserved 1105920K
  class space    used 6565K, committed 6912K, reserved 1048576K
}
Event: 9.209 GC heap after
{Heap after GC invocations=30 (full 4):
 PSYoungGen      total 21504K, used 0K [0x00000000eab00000, 0x00000000ec100000, 0x0000000100000000)
  eden space 20480K, 0% used [0x00000000eab00000,0x00000000eab00000,0x00000000ebf00000)
  from space 1024K, 0% used [0x00000000ebf00000,0x00000000ebf00000,0x00000000ec000000)
  to   space 1024K, 0% used [0x00000000ec000000,0x00000000ec000000,0x00000000ec100000)
 ParOldGen       total 78848K, used 45860K [0x00000000c0000000, 0x00000000c4d00000, 0x00000000eab00000)
  object space 78848K, 58% used [0x00000000c0000000,0x00000000c2cc9208,0x00000000c4d00000)
 Metaspace       used 60655K, committed 61504K, reserved 1105920K
  class space    used 6565K, committed 6912K, reserved 1048576K
}
Event: 9.237 GC heap before
{Heap before GC invocations=31 (full 4):
 PSYoungGen      total 21504K, used 20480K [0x00000000eab00000, 0x00000000ec100000, 0x0000000100000000)
  eden space 20480K, 100% used [0x00000000eab00000,0x00000000ebf00000,0x00000000ebf00000)
  from space 1024K, 0% used [0x00000000ebf00000,0x00000000ebf00000,0x00000000ec000000)
  to   space 1024K, 0% used [0x00000000ec000000,0x00000000ec000000,0x00000000ec100000)
 ParOldGen       total 78848K, used 45860K [0x00000000c0000000, 0x00000000c4d00000, 0x00000000eab00000)
  object space 78848K, 58% used [0x00000000c0000000,0x00000000c2cc9208,0x00000000c4d00000)
 Metaspace       used 60655K, committed 61504K, reserved 1105920K
  class space    used 6565K, committed 6912K, reserved 1048576K
}
Event: 9.242 GC heap after
{Heap after GC invocations=31 (full 4):
 PSYoungGen      total 5632K, used 1024K [0x00000000eab00000, 0x00000000ee000000, 0x0000000100000000)
  eden space 4608K, 0% used [0x00000000eab00000,0x00000000eab00000,0x00000000eaf80000)
  from space 1024K, 100% used [0x00000000ec000000,0x00000000ec100000,0x00000000ec100000)
  to   space 16896K, 0% used [0x00000000eaf80000,0x00000000eaf80000,0x00000000ec000000)
 ParOldGen       total 78848K, used 59276K [0x00000000c0000000, 0x00000000c4d00000, 0x00000000eab00000)
  object space 78848K, 75% used [0x00000000c0000000,0x00000000c39e3208,0x00000000c4d00000)
 Metaspace       used 60655K, committed 61504K, reserved 1105920K
  class space    used 6565K, committed 6912K, reserved 1048576K
}
Event: 9.246 GC heap before
{Heap before GC invocations=32 (full 4):
 PSYoungGen      total 5632K, used 5632K [0x00000000eab00000, 0x00000000ee000000, 0x0000000100000000)
  eden space 4608K, 100% used [0x00000000eab00000,0x00000000eaf80000,0x00000000eaf80000)
  from space 1024K, 100% used [0x00000000ec000000,0x00000000ec100000,0x00000000ec100000)
  to   space 16896K, 0% used [0x00000000eaf80000,0x00000000eaf80000,0x00000000ec000000)
 ParOldGen       total 78848K, used 59276K [0x00000000c0000000, 0x00000000c4d00000, 0x00000000eab00000)
  object space 78848K, 75% used [0x00000000c0000000,0x00000000c39e3208,0x00000000c4d00000)
 Metaspace       used 60655K, committed 61504K, reserved 1105920K
  class space    used 6565K, committed 6912K, reserved 1048576K
}
Event: 9.247 GC heap after
{Heap after GC invocations=32 (full 4):
 PSYoungGen      total 8192K, used 3360K [0x00000000eab00000, 0x00000000ec080000, 0x0000000100000000)
  eden space 4608K, 0% used [0x00000000eab00000,0x00000000eab00000,0x00000000eaf80000)
  from space 3584K, 93% used [0x00000000eaf80000,0x00000000eb2c8000,0x00000000eb300000)
  to   space 7680K, 0% used [0x00000000eb900000,0x00000000eb900000,0x00000000ec080000)
 ParOldGen       total 78848K, used 60340K [0x00000000c0000000, 0x00000000c4d00000, 0x00000000eab00000)
  object space 78848K, 76% used [0x00000000c0000000,0x00000000c3aed208,0x00000000c4d00000)
 Metaspace       used 60655K, committed 61504K, reserved 1105920K
  class space    used 6565K, committed 6912K, reserved 1048576K
}
Event: 9.253 GC heap before
{Heap before GC invocations=33 (full 4):
 PSYoungGen      total 8192K, used 7968K [0x00000000eab00000, 0x00000000ec080000, 0x0000000100000000)
  eden space 4608K, 100% used [0x00000000eab00000,0x00000000eaf80000,0x00000000eaf80000)
  from space 3584K, 93% used [0x00000000eaf80000,0x00000000eb2c8000,0x00000000eb300000)
  to   space 7680K, 0% used [0x00000000eb900000,0x00000000eb900000,0x00000000ec080000)
 ParOldGen       total 78848K, used 60340K [0x00000000c0000000, 0x00000000c4d00000, 0x00000000eab00000)
  object space 78848K, 76% used [0x00000000c0000000,0x00000000c3aed208,0x00000000c4d00000)
 Metaspace       used 60655K, committed 61504K, reserved 1105920K
  class space    used 6565K, committed 6912K, reserved 1048576K
}
Event: 9.254 GC heap after
{Heap after GC invocations=33 (full 4):
 PSYoungGen      total 11776K, used 6560K [0x00000000eab00000, 0x00000000ebf80000, 0x0000000100000000)
  eden space 5120K, 0% used [0x00000000eab00000,0x00000000eab00000,0x00000000eb000000)
  from space 6656K, 98% used [0x00000000eb900000,0x00000000ebf68000,0x00000000ebf80000)
  to   space 7680K, 0% used [0x00000000eb080000,0x00000000eb080000,0x00000000eb800000)
 ParOldGen       total 78848K, used 60340K [0x00000000c0000000, 0x00000000c4d00000, 0x00000000eab00000)
  object space 78848K, 76% used [0x00000000c0000000,0x00000000c3aed208,0x00000000c4d00000)
 Metaspace       used 60655K, committed 61504K, reserved 1105920K
  class space    used 6565K, committed 6912K, reserved 1048576K
}
Event: 9.260 GC heap before
{Heap before GC invocations=34 (full 4):
 PSYoungGen      total 11776K, used 11680K [0x00000000eab00000, 0x00000000ebf80000, 0x0000000100000000)
  eden space 5120K, 100% used [0x00000000eab00000,0x00000000eb000000,0x00000000eb000000)
  from space 6656K, 98% used [0x00000000eb900000,0x00000000ebf68000,0x00000000ebf80000)
  to   space 7680K, 0% used [0x00000000eb080000,0x00000000eb080000,0x00000000eb800000)
 ParOldGen       total 78848K, used 60340K [0x00000000c0000000, 0x00000000c4d00000, 0x00000000eab00000)
  object space 78848K, 76% used [0x00000000c0000000,0x00000000c3aed208,0x00000000c4d00000)
 Metaspace       used 60655K, committed 61504K, reserved 1105920K
  class space    used 6565K, committed 6912K, reserved 1048576K
}
Event: 9.261 GC heap after
{Heap after GC invocations=34 (full 4):
 PSYoungGen      total 13312K, used 7680K [0x00000000eab00000, 0x00000000ec600000, 0x0000000100000000)
  eden space 5632K, 0% used [0x00000000eab00000,0x00000000eab00000,0x00000000eb080000)
  from space 7680K, 100% used [0x00000000eb080000,0x00000000eb800000,0x00000000eb800000)
  to   space 10752K, 0% used [0x00000000ebb80000,0x00000000ebb80000,0x00000000ec600000)
 ParOldGen       total 78848K, used 62692K [0x00000000c0000000, 0x00000000c4d00000, 0x00000000eab00000)
  object space 78848K, 79% used [0x00000000c0000000,0x00000000c3d39208,0x00000000c4d00000)
 Metaspace       used 60655K, committed 61504K, reserved 1105920K
  class space    used 6565K, committed 6912K, reserved 1048576K
}
Event: 9.267 GC heap before
{Heap before GC invocations=35 (full 4):
 PSYoungGen      total 13312K, used 13312K [0x00000000eab00000, 0x00000000ec600000, 0x0000000100000000)
  eden space 5632K, 100% used [0x00000000eab00000,0x00000000eb080000,0x00000000eb080000)
  from space 7680K, 100% used [0x00000000eb080000,0x00000000eb800000,0x00000000eb800000)
  to   space 10752K, 0% used [0x00000000ebb80000,0x00000000ebb80000,0x00000000ec600000)
 ParOldGen       total 78848K, used 62692K [0x00000000c0000000, 0x00000000c4d00000, 0x00000000eab00000)
  object space 78848K, 79% used [0x00000000c0000000,0x00000000c3d39208,0x00000000c4d00000)
 Metaspace       used 60655K, committed 61504K, reserved 1105920K
  class space    used 6565K, committed 6912K, reserved 1048576K
}
Event: 9.270 GC heap after
{Heap after GC invocations=35 (full 4):
 PSYoungGen      total 12288K, used 5408K [0x00000000eab00000, 0x00000000ec100000, 0x0000000100000000)
  eden space 6656K, 0% used [0x00000000eab00000,0x00000000eab00000,0x00000000eb180000)
  from space 5632K, 96% used [0x00000000ebb80000,0x00000000ec0c8000,0x00000000ec100000)
  to   space 7168K, 0% used [0x00000000eb300000,0x00000000eb300000,0x00000000eba00000)
 ParOldGen       total 78848K, used 69196K [0x00000000c0000000, 0x00000000c4d00000, 0x00000000eab00000)
  object space 78848K, 87% used [0x00000000c0000000,0x00000000c4393208,0x00000000c4d00000)
 Metaspace       used 60655K, committed 61504K, reserved 1105920K
  class space    used 6565K, committed 6912K, reserved 1048576K
}
Event: 9.276 GC heap before
{Heap before GC invocations=36 (full 4):
 PSYoungGen      total 12288K, used 12064K [0x00000000eab00000, 0x00000000ec100000, 0x0000000100000000)
  eden space 6656K, 100% used [0x00000000eab00000,0x00000000eb180000,0x00000000eb180000)
  from space 5632K, 96% used [0x00000000ebb80000,0x00000000ec0c8000,0x00000000ec100000)
  to   space 7168K, 0% used [0x00000000eb300000,0x00000000eb300000,0x00000000eba00000)
 ParOldGen       total 78848K, used 69196K [0x00000000c0000000, 0x00000000c4d00000, 0x00000000eab00000)
  object space 78848K, 87% used [0x00000000c0000000,0x00000000c4393208,0x00000000c4d00000)
 Metaspace       used 60655K, committed 61504K, reserved 1105920K
  class space    used 6565K, committed 6912K, reserved 1048576K
}
Event: 9.278 GC heap after
{Heap after GC invocations=36 (full 4):
 PSYoungGen      total 15360K, used 7168K [0x00000000eab00000, 0x00000000ec800000, 0x0000000100000000)
  eden space 8192K, 0% used [0x00000000eab00000,0x00000000eab00000,0x00000000eb300000)
  from space 7168K, 100% used [0x00000000eb300000,0x00000000eba00000,0x00000000eba00000)
  to   space 10752K, 0% used [0x00000000ebd80000,0x00000000ebd80000,0x00000000ec800000)
 ParOldGen       total 78848K, used 71924K [0x00000000c0000000, 0x00000000c4d00000, 0x00000000eab00000)
  object space 78848K, 91% used [0x00000000c0000000,0x00000000c463d208,0x00000000c4d00000)
 Metaspace       used 60655K, committed 61504K, reserved 1105920K
  class space    used 6565K, committed 6912K, reserved 1048576K
}
Event: 9.289 GC heap before
{Heap before GC invocations=37 (full 4):
 PSYoungGen      total 15360K, used 15307K [0x00000000eab00000, 0x00000000ec800000, 0x0000000100000000)
  eden space 8192K, 99% used [0x00000000eab00000,0x00000000eb2f2e40,0x00000000eb300000)
  from space 7168K, 100% used [0x00000000eb300000,0x00000000eba00000,0x00000000eba00000)
  to   space 10752K, 0% used [0x00000000ebd80000,0x00000000ebd80000,0x00000000ec800000)
 ParOldGen       total 78848K, used 71924K [0x00000000c0000000, 0x00000000c4d00000, 0x00000000eab00000)
  object space 78848K, 91% used [0x00000000c0000000,0x00000000c463d208,0x00000000c4d00000)
 Metaspace       used 60756K, committed 61632K, reserved 1105920K
  class space    used 6574K, committed 6976K, reserved 1048576K
}
Event: 9.293 GC heap after
{Heap after GC invocations=37 (full 4):
 PSYoungGen      total 15360K, used 5169K [0x00000000eab00000, 0x00000000ec300000, 0x0000000100000000)
  eden space 9728K, 0% used [0x00000000eab00000,0x00000000eab00000,0x00000000eb480000)
  from space 5632K, 91% used [0x00000000ebd80000,0x00000000ec28c4f8,0x00000000ec300000)
  to   space 7168K, 0% used [0x00000000eb500000,0x00000000eb500000,0x00000000ebc00000)
 ParOldGen       total 79360K, used 79164K [0x00000000c0000000, 0x00000000c4d80000, 0x00000000eab00000)
  object space 79360K, 99% used [0x00000000c0000000,0x00000000c4d4f208,0x00000000c4d80000)
 Metaspace       used 60756K, committed 61632K, reserved 1105920K
  class space    used 6574K, committed 6976K, reserved 1048576K
}
Event: 9.293 GC heap before
{Heap before GC invocations=38 (full 5):
 PSYoungGen      total 15360K, used 5169K [0x00000000eab00000, 0x00000000ec300000, 0x0000000100000000)
  eden space 9728K, 0% used [0x00000000eab00000,0x00000000eab00000,0x00000000eb480000)
  from space 5632K, 91% used [0x00000000ebd80000,0x00000000ec28c4f8,0x00000000ec300000)
  to   space 7168K, 0% used [0x00000000eb500000,0x00000000eb500000,0x00000000ebc00000)
 ParOldGen       total 79360K, used 79164K [0x00000000c0000000, 0x00000000c4d80000, 0x00000000eab00000)
  object space 79360K, 99% used [0x00000000c0000000,0x00000000c4d4f208,0x00000000c4d80000)
 Metaspace       used 60756K, committed 61632K, reserved 1105920K
  class space    used 6574K, committed 6976K, reserved 1048576K
}
Event: 9.321 GC heap after
{Heap after GC invocations=38 (full 5):
 PSYoungGen      total 17408K, used 0K [0x00000000eab00000, 0x00000000ec400000, 0x0000000100000000)
  eden space 10240K, 0% used [0x00000000eab00000,0x00000000eab00000,0x00000000eb500000)
  from space 7168K, 0% used [0x00000000eb500000,0x00000000eb500000,0x00000000ebc00000)
  to   space 7168K, 0% used [0x00000000ebd00000,0x00000000ebd00000,0x00000000ec400000)
 ParOldGen       total 118272K, used 71295K [0x00000000c0000000, 0x00000000c7380000, 0x00000000eab00000)
  object space 118272K, 60% used [0x00000000c0000000,0x00000000c459fe00,0x00000000c7380000)
 Metaspace       used 60756K, committed 61632K, reserved 1105920K
  class space    used 6574K, committed 6976K, reserved 1048576K
}
Event: 9.358 GC heap before
{Heap before GC invocations=39 (full 5):
 PSYoungGen      total 17408K, used 10239K [0x00000000eab00000, 0x00000000ec400000, 0x0000000100000000)
  eden space 10240K, 99% used [0x00000000eab00000,0x00000000eb4fffe0,0x00000000eb500000)
  from space 7168K, 0% used [0x00000000eb500000,0x00000000eb500000,0x00000000ebc00000)
  to   space 7168K, 0% used [0x00000000ebd00000,0x00000000ebd00000,0x00000000ec400000)
 ParOldGen       total 118272K, used 71295K [0x00000000c0000000, 0x00000000c7380000, 0x00000000eab00000)
  object space 118272K, 60% used [0x00000000c0000000,0x00000000c459fe00,0x00000000c7380000)
 Metaspace       used 61947K, committed 62848K, reserved 1105920K
  class space    used 6643K, committed 7104K, reserved 1048576K
}
Event: 9.359 GC heap after
{Heap after GC invocations=39 (full 5):
 PSYoungGen      total 13824K, used 1755K [0x00000000eab00000, 0x00000000ebf00000, 0x0000000100000000)
  eden space 11776K, 0% used [0x00000000eab00000,0x00000000eab00000,0x00000000eb680000)
  from space 2048K, 85% used [0x00000000ebd00000,0x00000000ebeb6ca0,0x00000000ebf00000)
  to   space 3584K, 0% used [0x00000000eb800000,0x00000000eb800000,0x00000000ebb80000)
 ParOldGen       total 118272K, used 71303K [0x00000000c0000000, 0x00000000c7380000, 0x00000000eab00000)
  object space 118272K, 60% used [0x00000000c0000000,0x00000000c45a1e00,0x00000000c7380000)
 Metaspace       used 61947K, committed 62848K, reserved 1105920K
  class space    used 6643K, committed 7104K, reserved 1048576K
}

